<?xml version="1.0" encoding="UTF-8"?>
<testsuite xmlns:xsi="http://www.w3.org/2001/XMLSchema-instance" xsi:noNamespaceSchemaLocation="https://maven.apache.org/surefire/maven-surefire-plugin/xsd/surefire-test-report.xsd" name="com.qa.booking.BookingEntityTests" time="0.053" tests="1" errors="1" skipped="0" failures="0">
  <properties>
    <property name="awt.toolkit" value="sun.awt.X11.XToolkit"/>
    <property name="file.encoding.pkg" value="sun.io"/>
    <property name="java.specification.version" value="1.8"/>
    <property name="sun.cpu.isalist" value=""/>
    <property name="sun.jnu.encoding" value="UTF-8"/>
    <property name="java.class.path" value="/home/jenkins/rmssystem/rms_getters/target/test-classes:/home/jenkins/rmssystem/rms_getters/target/classes:/home/jenkins/.m2/repository/org/springframework/boot/spring-boot-starter-activemq/2.1.3.RELEASE/spring-boot-starter-activemq-2.1.3.RELEASE.jar:/home/jenkins/.m2/repository/org/springframework/boot/spring-boot-starter/2.1.3.RELEASE/spring-boot-starter-2.1.3.RELEASE.jar:/home/jenkins/.m2/repository/org/springframework/boot/spring-boot/2.1.3.RELEASE/spring-boot-2.1.3.RELEASE.jar:/home/jenkins/.m2/repository/org/springframework/boot/spring-boot-autoconfigure/2.1.3.RELEASE/spring-boot-autoconfigure-2.1.3.RELEASE.jar:/home/jenkins/.m2/repository/org/springframework/boot/spring-boot-starter-logging/2.1.3.RELEASE/spring-boot-starter-logging-2.1.3.RELEASE.jar:/home/jenkins/.m2/repository/ch/qos/logback/logback-classic/1.2.3/logback-classic-1.2.3.jar:/home/jenkins/.m2/repository/ch/qos/logback/logback-core/1.2.3/logback-core-1.2.3.jar:/home/jenkins/.m2/repository/org/apache/logging/log4j/log4j-to-slf4j/2.11.2/log4j-to-slf4j-2.11.2.jar:/home/jenkins/.m2/repository/org/apache/logging/log4j/log4j-api/2.11.2/log4j-api-2.11.2.jar:/home/jenkins/.m2/repository/org/slf4j/jul-to-slf4j/1.7.25/jul-to-slf4j-1.7.25.jar:/home/jenkins/.m2/repository/javax/annotation/javax.annotation-api/1.3.2/javax.annotation-api-1.3.2.jar:/home/jenkins/.m2/repository/org/yaml/snakeyaml/1.23/snakeyaml-1.23.jar:/home/jenkins/.m2/repository/org/springframework/spring-jms/5.1.5.RELEASE/spring-jms-5.1.5.RELEASE.jar:/home/jenkins/.m2/repository/org/springframework/spring-beans/5.1.5.RELEASE/spring-beans-5.1.5.RELEASE.jar:/home/jenkins/.m2/repository/org/springframework/spring-messaging/5.1.5.RELEASE/spring-messaging-5.1.5.RELEASE.jar:/home/jenkins/.m2/repository/org/springframework/spring-tx/5.1.5.RELEASE/spring-tx-5.1.5.RELEASE.jar:/home/jenkins/.m2/repository/org/apache/activemq/activemq-broker/5.15.8/activemq-broker-5.15.8.jar:/home/jenkins/.m2/repository/org/apache/activemq/activemq-client/5.15.8/activemq-client-5.15.8.jar:/home/jenkins/.m2/repository/org/fusesource/hawtbuf/hawtbuf/1.11/hawtbuf-1.11.jar:/home/jenkins/.m2/repository/org/apache/geronimo/specs/geronimo-j2ee-management_1.1_spec/1.0.1/geronimo-j2ee-management_1.1_spec-1.0.1.jar:/home/jenkins/.m2/repository/org/apache/activemq/activemq-openwire-legacy/5.15.8/activemq-openwire-legacy-5.15.8.jar:/home/jenkins/.m2/repository/com/google/guava/guava/18.0/guava-18.0.jar:/home/jenkins/.m2/repository/javax/jms/javax.jms-api/2.0.1/javax.jms-api-2.0.1.jar:/home/jenkins/.m2/repository/org/springframework/boot/spring-boot-starter-data-jpa/2.1.3.RELEASE/spring-boot-starter-data-jpa-2.1.3.RELEASE.jar:/home/jenkins/.m2/repository/org/springframework/boot/spring-boot-starter-aop/2.1.3.RELEASE/spring-boot-starter-aop-2.1.3.RELEASE.jar:/home/jenkins/.m2/repository/org/springframework/spring-aop/5.1.5.RELEASE/spring-aop-5.1.5.RELEASE.jar:/home/jenkins/.m2/repository/org/aspectj/aspectjweaver/1.9.2/aspectjweaver-1.9.2.jar:/home/jenkins/.m2/repository/org/springframework/boot/spring-boot-starter-jdbc/2.1.3.RELEASE/spring-boot-starter-jdbc-2.1.3.RELEASE.jar:/home/jenkins/.m2/repository/com/zaxxer/HikariCP/3.2.0/HikariCP-3.2.0.jar:/home/jenkins/.m2/repository/org/springframework/spring-jdbc/5.1.5.RELEASE/spring-jdbc-5.1.5.RELEASE.jar:/home/jenkins/.m2/repository/javax/transaction/javax.transaction-api/1.3/javax.transaction-api-1.3.jar:/home/jenkins/.m2/repository/javax/xml/bind/jaxb-api/2.3.1/jaxb-api-2.3.1.jar:/home/jenkins/.m2/repository/javax/activation/javax.activation-api/1.2.0/javax.activation-api-1.2.0.jar:/home/jenkins/.m2/repository/org/hibernate/hibernate-core/5.3.7.Final/hibernate-core-5.3.7.Final.jar:/home/jenkins/.m2/repository/org/jboss/logging/jboss-logging/3.3.2.Final/jboss-logging-3.3.2.Final.jar:/home/jenkins/.m2/repository/javax/persistence/javax.persistence-api/2.2/javax.persistence-api-2.2.jar:/home/jenkins/.m2/repository/org/javassist/javassist/3.23.1-GA/javassist-3.23.1-GA.jar:/home/jenkins/.m2/repository/net/bytebuddy/byte-buddy/1.9.10/byte-buddy-1.9.10.jar:/home/jenkins/.m2/repository/antlr/antlr/2.7.7/antlr-2.7.7.jar:/home/jenkins/.m2/repository/org/jboss/jandex/2.0.5.Final/jandex-2.0.5.Final.jar:/home/jenkins/.m2/repository/com/fasterxml/classmate/1.4.0/classmate-1.4.0.jar:/home/jenkins/.m2/repository/org/dom4j/dom4j/2.1.1/dom4j-2.1.1.jar:/home/jenkins/.m2/repository/org/hibernate/common/hibernate-commons-annotations/5.0.4.Final/hibernate-commons-annotations-5.0.4.Final.jar:/home/jenkins/.m2/repository/org/springframework/data/spring-data-jpa/2.1.5.RELEASE/spring-data-jpa-2.1.5.RELEASE.jar:/home/jenkins/.m2/repository/org/springframework/data/spring-data-commons/2.1.5.RELEASE/spring-data-commons-2.1.5.RELEASE.jar:/home/jenkins/.m2/repository/org/springframework/spring-orm/5.1.5.RELEASE/spring-orm-5.1.5.RELEASE.jar:/home/jenkins/.m2/repository/org/springframework/spring-context/5.1.5.RELEASE/spring-context-5.1.5.RELEASE.jar:/home/jenkins/.m2/repository/org/slf4j/slf4j-api/1.7.25/slf4j-api-1.7.25.jar:/home/jenkins/.m2/repository/org/springframework/spring-aspects/5.1.5.RELEASE/spring-aspects-5.1.5.RELEASE.jar:/home/jenkins/.m2/repository/org/springframework/boot/spring-boot-starter-web/2.1.3.RELEASE/spring-boot-starter-web-2.1.3.RELEASE.jar:/home/jenkins/.m2/repository/org/springframework/boot/spring-boot-starter-json/2.1.3.RELEASE/spring-boot-starter-json-2.1.3.RELEASE.jar:/home/jenkins/.m2/repository/com/fasterxml/jackson/datatype/jackson-datatype-jdk8/2.9.8/jackson-datatype-jdk8-2.9.8.jar:/home/jenkins/.m2/repository/com/fasterxml/jackson/datatype/jackson-datatype-jsr310/2.9.8/jackson-datatype-jsr310-2.9.8.jar:/home/jenkins/.m2/repository/com/fasterxml/jackson/module/jackson-module-parameter-names/2.9.8/jackson-module-parameter-names-2.9.8.jar:/home/jenkins/.m2/repository/org/springframework/boot/spring-boot-starter-tomcat/2.1.3.RELEASE/spring-boot-starter-tomcat-2.1.3.RELEASE.jar:/home/jenkins/.m2/repository/org/apache/tomcat/embed/tomcat-embed-core/9.0.16/tomcat-embed-core-9.0.16.jar:/home/jenkins/.m2/repository/org/apache/tomcat/embed/tomcat-embed-el/9.0.16/tomcat-embed-el-9.0.16.jar:/home/jenkins/.m2/repository/org/apache/tomcat/embed/tomcat-embed-websocket/9.0.16/tomcat-embed-websocket-9.0.16.jar:/home/jenkins/.m2/repository/org/hibernate/validator/hibernate-validator/6.0.14.Final/hibernate-validator-6.0.14.Final.jar:/home/jenkins/.m2/repository/javax/validation/validation-api/2.0.1.Final/validation-api-2.0.1.Final.jar:/home/jenkins/.m2/repository/org/springframework/spring-web/5.1.5.RELEASE/spring-web-5.1.5.RELEASE.jar:/home/jenkins/.m2/repository/org/springframework/spring-webmvc/5.1.5.RELEASE/spring-webmvc-5.1.5.RELEASE.jar:/home/jenkins/.m2/repository/org/springframework/spring-expression/5.1.5.RELEASE/spring-expression-5.1.5.RELEASE.jar:/home/jenkins/.m2/repository/com/microsoft/azure/azure-active-directory-spring-boot-starter/2.1.2/azure-active-directory-spring-boot-starter-2.1.2.jar:/home/jenkins/.m2/repository/org/springframework/security/spring-security-core/5.1.4.RELEASE/spring-security-core-5.1.4.RELEASE.jar:/home/jenkins/.m2/repository/org/springframework/security/spring-security-web/5.1.4.RELEASE/spring-security-web-5.1.4.RELEASE.jar:/home/jenkins/.m2/repository/com/microsoft/azure/adal4j/1.6.0/adal4j-1.6.0.jar:/home/jenkins/.m2/repository/com/google/code/gson/gson/2.8.5/gson-2.8.5.jar:/home/jenkins/.m2/repository/commons-codec/commons-codec/1.11/commons-codec-1.11.jar:/home/jenkins/.m2/repository/com/fasterxml/jackson/core/jackson-databind/2.9.8/jackson-databind-2.9.8.jar:/home/jenkins/.m2/repository/com/fasterxml/jackson/core/jackson-annotations/2.9.0/jackson-annotations-2.9.0.jar:/home/jenkins/.m2/repository/com/fasterxml/jackson/core/jackson-core/2.9.8/jackson-core-2.9.8.jar:/home/jenkins/.m2/repository/com/nimbusds/oauth2-oidc-sdk/5.64.4/oauth2-oidc-sdk-5.64.4.jar:/home/jenkins/.m2/repository/com/sun/mail/javax.mail/1.6.2/javax.mail-1.6.2.jar:/home/jenkins/.m2/repository/javax/activation/activation/1.1/activation-1.1.jar:/home/jenkins/.m2/repository/com/github/stephenc/jcip/jcip-annotations/1.0-1/jcip-annotations-1.0-1.jar:/home/jenkins/.m2/repository/net/minidev/json-smart/2.3/json-smart-2.3.jar:/home/jenkins/.m2/repository/net/minidev/accessors-smart/1.2/accessors-smart-1.2.jar:/home/jenkins/.m2/repository/org/ow2/asm/asm/5.0.4/asm-5.0.4.jar:/home/jenkins/.m2/repository/com/nimbusds/lang-tag/1.4.4/lang-tag-1.4.4.jar:/home/jenkins/.m2/repository/com/nimbusds/nimbus-jose-jwt/7.0.1/nimbus-jose-jwt-7.0.1.jar:/home/jenkins/.m2/repository/com/microsoft/azure/azure-keyvault-secrets-spring-boot-starter/2.1.2/azure-keyvault-secrets-spring-boot-starter-2.1.2.jar:/home/jenkins/.m2/repository/com/microsoft/azure/azure-keyvault/1.0.0/azure-keyvault-1.0.0.jar:/home/jenkins/.m2/repository/com/microsoft/azure/azure-client-runtime/1.0.0/azure-client-runtime-1.0.0.jar:/home/jenkins/.m2/repository/com/microsoft/rest/client-runtime/1.6.0/client-runtime-1.6.0.jar:/home/jenkins/.m2/repository/com/squareup/retrofit2/retrofit/2.4.0/retrofit-2.4.0.jar:/home/jenkins/.m2/repository/com/squareup/okhttp3/okhttp/3.11.0/okhttp-3.11.0.jar:/home/jenkins/.m2/repository/com/squareup/okio/okio/1.14.0/okio-1.14.0.jar:/home/jenkins/.m2/repository/com/squareup/okhttp3/logging-interceptor/3.11.0/logging-interceptor-3.11.0.jar:/home/jenkins/.m2/repository/com/squareup/okhttp3/okhttp-urlconnection/3.11.0/okhttp-urlconnection-3.11.0.jar:/home/jenkins/.m2/repository/com/squareup/retrofit2/converter-jackson/2.4.0/converter-jackson-2.4.0.jar:/home/jenkins/.m2/repository/com/fasterxml/jackson/datatype/jackson-datatype-joda/2.9.8/jackson-datatype-joda-2.9.8.jar:/home/jenkins/.m2/repository/joda-time/joda-time/2.10.1/joda-time-2.10.1.jar:/home/jenkins/.m2/repository/org/apache/commons/commons-lang3/3.8.1/commons-lang3-3.8.1.jar:/home/jenkins/.m2/repository/io/reactivex/rxjava/1.3.8/rxjava-1.3.8.jar:/home/jenkins/.m2/repository/com/squareup/retrofit2/adapter-rxjava/2.4.0/adapter-rxjava-2.4.0.jar:/home/jenkins/.m2/repository/com/microsoft/azure/azure-annotations/1.2.0/azure-annotations-1.2.0.jar:/home/jenkins/.m2/repository/com/microsoft/azure/azure-keyvault-webkey/1.0.0/azure-keyvault-webkey-1.0.0.jar:/home/jenkins/.m2/repository/commons-io/commons-io/2.3/commons-io-2.3.jar:/home/jenkins/.m2/repository/com/microsoft/azure/azure-spring-boot-starter/2.1.2/azure-spring-boot-starter-2.1.2.jar:/home/jenkins/.m2/repository/org/springframework/boot/spring-boot-starter-validation/2.1.3.RELEASE/spring-boot-starter-validation-2.1.3.RELEASE.jar:/home/jenkins/.m2/repository/com/microsoft/azure/azure-spring-boot/2.1.2/azure-spring-boot-2.1.2.jar:/home/jenkins/.m2/repository/com/microsoft/azure/applicationinsights-core/2.2.0/applicationinsights-core-2.2.0.jar:/home/jenkins/.m2/repository/com/google/protobuf/protobuf-java/3.6.1/protobuf-java-3.6.1.jar:/home/jenkins/.m2/repository/io/grpc/grpc-stub/1.14.0/grpc-stub-1.14.0.jar:/home/jenkins/.m2/repository/io/grpc/grpc-core/1.14.0/grpc-core-1.14.0.jar:/home/jenkins/.m2/repository/io/grpc/grpc-context/1.14.0/grpc-context-1.14.0.jar:/home/jenkins/.m2/repository/com/google/errorprone/error_prone_annotations/2.1.2/error_prone_annotations-2.1.2.jar:/home/jenkins/.m2/repository/com/google/code/findbugs/jsr305/3.0.0/jsr305-3.0.0.jar:/home/jenkins/.m2/repository/io/opencensus/opencensus-api/0.12.3/opencensus-api-0.12.3.jar:/home/jenkins/.m2/repository/io/opencensus/opencensus-contrib-grpc-metrics/0.12.3/opencensus-contrib-grpc-metrics-0.12.3.jar:/home/jenkins/.m2/repository/io/grpc/grpc-protobuf/1.14.0/grpc-protobuf-1.14.0.jar:/home/jenkins/.m2/repository/com/google/api/grpc/proto-google-common-protos/1.0.0/proto-google-common-protos-1.0.0.jar:/home/jenkins/.m2/repository/io/grpc/grpc-protobuf-lite/1.14.0/grpc-protobuf-lite-1.14.0.jar:/home/jenkins/.m2/repository/io/grpc/grpc-netty-shaded/1.14.0/grpc-netty-shaded-1.14.0.jar:/home/jenkins/.m2/repository/com/microsoft/azure/azure-storage-spring-boot-starter/2.1.2/azure-storage-spring-boot-starter-2.1.2.jar:/home/jenkins/.m2/repository/com/microsoft/azure/azure-storage-blob/10.1.0/azure-storage-blob-10.1.0.jar:/home/jenkins/.m2/repository/com/microsoft/rest/v2/client-runtime/2.0.0/client-runtime-2.0.0.jar:/home/jenkins/.m2/repository/io/netty/netty-handler/4.1.33.Final/netty-handler-4.1.33.Final.jar:/home/jenkins/.m2/repository/io/netty/netty-common/4.1.33.Final/netty-common-4.1.33.Final.jar:/home/jenkins/.m2/repository/io/netty/netty-transport/4.1.33.Final/netty-transport-4.1.33.Final.jar:/home/jenkins/.m2/repository/io/netty/netty-resolver/4.1.33.Final/netty-resolver-4.1.33.Final.jar:/home/jenkins/.m2/repository/io/netty/netty-codec/4.1.33.Final/netty-codec-4.1.33.Final.jar:/home/jenkins/.m2/repository/io/netty/netty-handler-proxy/4.1.33.Final/netty-handler-proxy-4.1.33.Final.jar:/home/jenkins/.m2/repository/io/netty/netty-codec-socks/4.1.33.Final/netty-codec-socks-4.1.33.Final.jar:/home/jenkins/.m2/repository/io/netty/netty-buffer/4.1.33.Final/netty-buffer-4.1.33.Final.jar:/home/jenkins/.m2/repository/io/netty/netty-codec-http/4.1.33.Final/netty-codec-http-4.1.33.Final.jar:/home/jenkins/.m2/repository/com/fasterxml/jackson/dataformat/jackson-dataformat-xml/2.9.8/jackson-dataformat-xml-2.9.8.jar:/home/jenkins/.m2/repository/com/fasterxml/jackson/module/jackson-module-jaxb-annotations/2.9.8/jackson-module-jaxb-annotations-2.9.8.jar:/home/jenkins/.m2/repository/org/codehaus/woodstox/stax2-api/3.1.4/stax2-api-3.1.4.jar:/home/jenkins/.m2/repository/com/fasterxml/woodstox/woodstox-core/5.0.3/woodstox-core-5.0.3.jar:/home/jenkins/.m2/repository/io/reactivex/rxjava2/rxjava/2.2.6/rxjava-2.2.6.jar:/home/jenkins/.m2/repository/org/reactivestreams/reactive-streams/1.0.2/reactive-streams-1.0.2.jar:/home/jenkins/.m2/repository/com/h2database/h2/1.4.197/h2-1.4.197.jar:/home/jenkins/.m2/repository/com/microsoft/sqlserver/mssql-jdbc/6.4.0.jre8/mssql-jdbc-6.4.0.jre8.jar:/home/jenkins/.m2/repository/org/springframework/boot/spring-boot-starter-test/2.1.3.RELEASE/spring-boot-starter-test-2.1.3.RELEASE.jar:/home/jenkins/.m2/repository/org/springframework/boot/spring-boot-test/2.1.3.RELEASE/spring-boot-test-2.1.3.RELEASE.jar:/home/jenkins/.m2/repository/org/springframework/boot/spring-boot-test-autoconfigure/2.1.3.RELEASE/spring-boot-test-autoconfigure-2.1.3.RELEASE.jar:/home/jenkins/.m2/repository/com/jayway/jsonpath/json-path/2.4.0/json-path-2.4.0.jar:/home/jenkins/.m2/repository/junit/junit/4.12/junit-4.12.jar:/home/jenkins/.m2/repository/org/assertj/assertj-core/3.11.1/assertj-core-3.11.1.jar:/home/jenkins/.m2/repository/org/mockito/mockito-core/2.23.4/mockito-core-2.23.4.jar:/home/jenkins/.m2/repository/net/bytebuddy/byte-buddy-agent/1.9.10/byte-buddy-agent-1.9.10.jar:/home/jenkins/.m2/repository/org/objenesis/objenesis/2.6/objenesis-2.6.jar:/home/jenkins/.m2/repository/org/hamcrest/hamcrest-core/1.3/hamcrest-core-1.3.jar:/home/jenkins/.m2/repository/org/hamcrest/hamcrest-library/1.3/hamcrest-library-1.3.jar:/home/jenkins/.m2/repository/org/skyscreamer/jsonassert/1.5.0/jsonassert-1.5.0.jar:/home/jenkins/.m2/repository/com/vaadin/external/google/android-json/0.0.20131108.vaadin1/android-json-0.0.20131108.vaadin1.jar:/home/jenkins/.m2/repository/org/springframework/spring-core/5.1.5.RELEASE/spring-core-5.1.5.RELEASE.jar:/home/jenkins/.m2/repository/org/springframework/spring-jcl/5.1.5.RELEASE/spring-jcl-5.1.5.RELEASE.jar:/home/jenkins/.m2/repository/org/springframework/spring-test/5.1.5.RELEASE/spring-test-5.1.5.RELEASE.jar:/home/jenkins/.m2/repository/org/xmlunit/xmlunit-core/2.6.2/xmlunit-core-2.6.2.jar:"/>
    <property name="java.vm.vendor" value="Oracle Corporation"/>
    <property name="sun.arch.data.model" value="64"/>
    <property name="java.vendor.url" value="http://java.oracle.com/"/>
    <property name="user.timezone" value=""/>
    <property name="java.vm.specification.version" value="1.8"/>
    <property name="os.name" value="Linux"/>
    <property name="sun.java.launcher" value="SUN_STANDARD"/>
    <property name="sun.boot.library.path" value="/usr/lib/jvm/java-8-oracle/jre/lib/amd64"/>
    <property name="sun.java.command" value="/home/jenkins/rmssystem/rms_getters/target/surefire/surefirebooter8103423796784948076.jar /home/jenkins/rmssystem/rms_getters/target/surefire 2019-04-01T15-49-12_875-jvmRun1 surefire5065460387041573274tmp surefire_06837282757801953304tmp"/>
    <property name="surefire.test.class.path" value="/home/jenkins/rmssystem/rms_getters/target/test-classes:/home/jenkins/rmssystem/rms_getters/target/classes:/home/jenkins/.m2/repository/org/springframework/boot/spring-boot-starter-activemq/2.1.3.RELEASE/spring-boot-starter-activemq-2.1.3.RELEASE.jar:/home/jenkins/.m2/repository/org/springframework/boot/spring-boot-starter/2.1.3.RELEASE/spring-boot-starter-2.1.3.RELEASE.jar:/home/jenkins/.m2/repository/org/springframework/boot/spring-boot/2.1.3.RELEASE/spring-boot-2.1.3.RELEASE.jar:/home/jenkins/.m2/repository/org/springframework/boot/spring-boot-autoconfigure/2.1.3.RELEASE/spring-boot-autoconfigure-2.1.3.RELEASE.jar:/home/jenkins/.m2/repository/org/springframework/boot/spring-boot-starter-logging/2.1.3.RELEASE/spring-boot-starter-logging-2.1.3.RELEASE.jar:/home/jenkins/.m2/repository/ch/qos/logback/logback-classic/1.2.3/logback-classic-1.2.3.jar:/home/jenkins/.m2/repository/ch/qos/logback/logback-core/1.2.3/logback-core-1.2.3.jar:/home/jenkins/.m2/repository/org/apache/logging/log4j/log4j-to-slf4j/2.11.2/log4j-to-slf4j-2.11.2.jar:/home/jenkins/.m2/repository/org/apache/logging/log4j/log4j-api/2.11.2/log4j-api-2.11.2.jar:/home/jenkins/.m2/repository/org/slf4j/jul-to-slf4j/1.7.25/jul-to-slf4j-1.7.25.jar:/home/jenkins/.m2/repository/javax/annotation/javax.annotation-api/1.3.2/javax.annotation-api-1.3.2.jar:/home/jenkins/.m2/repository/org/yaml/snakeyaml/1.23/snakeyaml-1.23.jar:/home/jenkins/.m2/repository/org/springframework/spring-jms/5.1.5.RELEASE/spring-jms-5.1.5.RELEASE.jar:/home/jenkins/.m2/repository/org/springframework/spring-beans/5.1.5.RELEASE/spring-beans-5.1.5.RELEASE.jar:/home/jenkins/.m2/repository/org/springframework/spring-messaging/5.1.5.RELEASE/spring-messaging-5.1.5.RELEASE.jar:/home/jenkins/.m2/repository/org/springframework/spring-tx/5.1.5.RELEASE/spring-tx-5.1.5.RELEASE.jar:/home/jenkins/.m2/repository/org/apache/activemq/activemq-broker/5.15.8/activemq-broker-5.15.8.jar:/home/jenkins/.m2/repository/org/apache/activemq/activemq-client/5.15.8/activemq-client-5.15.8.jar:/home/jenkins/.m2/repository/org/fusesource/hawtbuf/hawtbuf/1.11/hawtbuf-1.11.jar:/home/jenkins/.m2/repository/org/apache/geronimo/specs/geronimo-j2ee-management_1.1_spec/1.0.1/geronimo-j2ee-management_1.1_spec-1.0.1.jar:/home/jenkins/.m2/repository/org/apache/activemq/activemq-openwire-legacy/5.15.8/activemq-openwire-legacy-5.15.8.jar:/home/jenkins/.m2/repository/com/google/guava/guava/18.0/guava-18.0.jar:/home/jenkins/.m2/repository/javax/jms/javax.jms-api/2.0.1/javax.jms-api-2.0.1.jar:/home/jenkins/.m2/repository/org/springframework/boot/spring-boot-starter-data-jpa/2.1.3.RELEASE/spring-boot-starter-data-jpa-2.1.3.RELEASE.jar:/home/jenkins/.m2/repository/org/springframework/boot/spring-boot-starter-aop/2.1.3.RELEASE/spring-boot-starter-aop-2.1.3.RELEASE.jar:/home/jenkins/.m2/repository/org/springframework/spring-aop/5.1.5.RELEASE/spring-aop-5.1.5.RELEASE.jar:/home/jenkins/.m2/repository/org/aspectj/aspectjweaver/1.9.2/aspectjweaver-1.9.2.jar:/home/jenkins/.m2/repository/org/springframework/boot/spring-boot-starter-jdbc/2.1.3.RELEASE/spring-boot-starter-jdbc-2.1.3.RELEASE.jar:/home/jenkins/.m2/repository/com/zaxxer/HikariCP/3.2.0/HikariCP-3.2.0.jar:/home/jenkins/.m2/repository/org/springframework/spring-jdbc/5.1.5.RELEASE/spring-jdbc-5.1.5.RELEASE.jar:/home/jenkins/.m2/repository/javax/transaction/javax.transaction-api/1.3/javax.transaction-api-1.3.jar:/home/jenkins/.m2/repository/javax/xml/bind/jaxb-api/2.3.1/jaxb-api-2.3.1.jar:/home/jenkins/.m2/repository/javax/activation/javax.activation-api/1.2.0/javax.activation-api-1.2.0.jar:/home/jenkins/.m2/repository/org/hibernate/hibernate-core/5.3.7.Final/hibernate-core-5.3.7.Final.jar:/home/jenkins/.m2/repository/org/jboss/logging/jboss-logging/3.3.2.Final/jboss-logging-3.3.2.Final.jar:/home/jenkins/.m2/repository/javax/persistence/javax.persistence-api/2.2/javax.persistence-api-2.2.jar:/home/jenkins/.m2/repository/org/javassist/javassist/3.23.1-GA/javassist-3.23.1-GA.jar:/home/jenkins/.m2/repository/net/bytebuddy/byte-buddy/1.9.10/byte-buddy-1.9.10.jar:/home/jenkins/.m2/repository/antlr/antlr/2.7.7/antlr-2.7.7.jar:/home/jenkins/.m2/repository/org/jboss/jandex/2.0.5.Final/jandex-2.0.5.Final.jar:/home/jenkins/.m2/repository/com/fasterxml/classmate/1.4.0/classmate-1.4.0.jar:/home/jenkins/.m2/repository/org/dom4j/dom4j/2.1.1/dom4j-2.1.1.jar:/home/jenkins/.m2/repository/org/hibernate/common/hibernate-commons-annotations/5.0.4.Final/hibernate-commons-annotations-5.0.4.Final.jar:/home/jenkins/.m2/repository/org/springframework/data/spring-data-jpa/2.1.5.RELEASE/spring-data-jpa-2.1.5.RELEASE.jar:/home/jenkins/.m2/repository/org/springframework/data/spring-data-commons/2.1.5.RELEASE/spring-data-commons-2.1.5.RELEASE.jar:/home/jenkins/.m2/repository/org/springframework/spring-orm/5.1.5.RELEASE/spring-orm-5.1.5.RELEASE.jar:/home/jenkins/.m2/repository/org/springframework/spring-context/5.1.5.RELEASE/spring-context-5.1.5.RELEASE.jar:/home/jenkins/.m2/repository/org/slf4j/slf4j-api/1.7.25/slf4j-api-1.7.25.jar:/home/jenkins/.m2/repository/org/springframework/spring-aspects/5.1.5.RELEASE/spring-aspects-5.1.5.RELEASE.jar:/home/jenkins/.m2/repository/org/springframework/boot/spring-boot-starter-web/2.1.3.RELEASE/spring-boot-starter-web-2.1.3.RELEASE.jar:/home/jenkins/.m2/repository/org/springframework/boot/spring-boot-starter-json/2.1.3.RELEASE/spring-boot-starter-json-2.1.3.RELEASE.jar:/home/jenkins/.m2/repository/com/fasterxml/jackson/datatype/jackson-datatype-jdk8/2.9.8/jackson-datatype-jdk8-2.9.8.jar:/home/jenkins/.m2/repository/com/fasterxml/jackson/datatype/jackson-datatype-jsr310/2.9.8/jackson-datatype-jsr310-2.9.8.jar:/home/jenkins/.m2/repository/com/fasterxml/jackson/module/jackson-module-parameter-names/2.9.8/jackson-module-parameter-names-2.9.8.jar:/home/jenkins/.m2/repository/org/springframework/boot/spring-boot-starter-tomcat/2.1.3.RELEASE/spring-boot-starter-tomcat-2.1.3.RELEASE.jar:/home/jenkins/.m2/repository/org/apache/tomcat/embed/tomcat-embed-core/9.0.16/tomcat-embed-core-9.0.16.jar:/home/jenkins/.m2/repository/org/apache/tomcat/embed/tomcat-embed-el/9.0.16/tomcat-embed-el-9.0.16.jar:/home/jenkins/.m2/repository/org/apache/tomcat/embed/tomcat-embed-websocket/9.0.16/tomcat-embed-websocket-9.0.16.jar:/home/jenkins/.m2/repository/org/hibernate/validator/hibernate-validator/6.0.14.Final/hibernate-validator-6.0.14.Final.jar:/home/jenkins/.m2/repository/javax/validation/validation-api/2.0.1.Final/validation-api-2.0.1.Final.jar:/home/jenkins/.m2/repository/org/springframework/spring-web/5.1.5.RELEASE/spring-web-5.1.5.RELEASE.jar:/home/jenkins/.m2/repository/org/springframework/spring-webmvc/5.1.5.RELEASE/spring-webmvc-5.1.5.RELEASE.jar:/home/jenkins/.m2/repository/org/springframework/spring-expression/5.1.5.RELEASE/spring-expression-5.1.5.RELEASE.jar:/home/jenkins/.m2/repository/com/microsoft/azure/azure-active-directory-spring-boot-starter/2.1.2/azure-active-directory-spring-boot-starter-2.1.2.jar:/home/jenkins/.m2/repository/org/springframework/security/spring-security-core/5.1.4.RELEASE/spring-security-core-5.1.4.RELEASE.jar:/home/jenkins/.m2/repository/org/springframework/security/spring-security-web/5.1.4.RELEASE/spring-security-web-5.1.4.RELEASE.jar:/home/jenkins/.m2/repository/com/microsoft/azure/adal4j/1.6.0/adal4j-1.6.0.jar:/home/jenkins/.m2/repository/com/google/code/gson/gson/2.8.5/gson-2.8.5.jar:/home/jenkins/.m2/repository/commons-codec/commons-codec/1.11/commons-codec-1.11.jar:/home/jenkins/.m2/repository/com/fasterxml/jackson/core/jackson-databind/2.9.8/jackson-databind-2.9.8.jar:/home/jenkins/.m2/repository/com/fasterxml/jackson/core/jackson-annotations/2.9.0/jackson-annotations-2.9.0.jar:/home/jenkins/.m2/repository/com/fasterxml/jackson/core/jackson-core/2.9.8/jackson-core-2.9.8.jar:/home/jenkins/.m2/repository/com/nimbusds/oauth2-oidc-sdk/5.64.4/oauth2-oidc-sdk-5.64.4.jar:/home/jenkins/.m2/repository/com/sun/mail/javax.mail/1.6.2/javax.mail-1.6.2.jar:/home/jenkins/.m2/repository/javax/activation/activation/1.1/activation-1.1.jar:/home/jenkins/.m2/repository/com/github/stephenc/jcip/jcip-annotations/1.0-1/jcip-annotations-1.0-1.jar:/home/jenkins/.m2/repository/net/minidev/json-smart/2.3/json-smart-2.3.jar:/home/jenkins/.m2/repository/net/minidev/accessors-smart/1.2/accessors-smart-1.2.jar:/home/jenkins/.m2/repository/org/ow2/asm/asm/5.0.4/asm-5.0.4.jar:/home/jenkins/.m2/repository/com/nimbusds/lang-tag/1.4.4/lang-tag-1.4.4.jar:/home/jenkins/.m2/repository/com/nimbusds/nimbus-jose-jwt/7.0.1/nimbus-jose-jwt-7.0.1.jar:/home/jenkins/.m2/repository/com/microsoft/azure/azure-keyvault-secrets-spring-boot-starter/2.1.2/azure-keyvault-secrets-spring-boot-starter-2.1.2.jar:/home/jenkins/.m2/repository/com/microsoft/azure/azure-keyvault/1.0.0/azure-keyvault-1.0.0.jar:/home/jenkins/.m2/repository/com/microsoft/azure/azure-client-runtime/1.0.0/azure-client-runtime-1.0.0.jar:/home/jenkins/.m2/repository/com/microsoft/rest/client-runtime/1.6.0/client-runtime-1.6.0.jar:/home/jenkins/.m2/repository/com/squareup/retrofit2/retrofit/2.4.0/retrofit-2.4.0.jar:/home/jenkins/.m2/repository/com/squareup/okhttp3/okhttp/3.11.0/okhttp-3.11.0.jar:/home/jenkins/.m2/repository/com/squareup/okio/okio/1.14.0/okio-1.14.0.jar:/home/jenkins/.m2/repository/com/squareup/okhttp3/logging-interceptor/3.11.0/logging-interceptor-3.11.0.jar:/home/jenkins/.m2/repository/com/squareup/okhttp3/okhttp-urlconnection/3.11.0/okhttp-urlconnection-3.11.0.jar:/home/jenkins/.m2/repository/com/squareup/retrofit2/converter-jackson/2.4.0/converter-jackson-2.4.0.jar:/home/jenkins/.m2/repository/com/fasterxml/jackson/datatype/jackson-datatype-joda/2.9.8/jackson-datatype-joda-2.9.8.jar:/home/jenkins/.m2/repository/joda-time/joda-time/2.10.1/joda-time-2.10.1.jar:/home/jenkins/.m2/repository/org/apache/commons/commons-lang3/3.8.1/commons-lang3-3.8.1.jar:/home/jenkins/.m2/repository/io/reactivex/rxjava/1.3.8/rxjava-1.3.8.jar:/home/jenkins/.m2/repository/com/squareup/retrofit2/adapter-rxjava/2.4.0/adapter-rxjava-2.4.0.jar:/home/jenkins/.m2/repository/com/microsoft/azure/azure-annotations/1.2.0/azure-annotations-1.2.0.jar:/home/jenkins/.m2/repository/com/microsoft/azure/azure-keyvault-webkey/1.0.0/azure-keyvault-webkey-1.0.0.jar:/home/jenkins/.m2/repository/commons-io/commons-io/2.3/commons-io-2.3.jar:/home/jenkins/.m2/repository/com/microsoft/azure/azure-spring-boot-starter/2.1.2/azure-spring-boot-starter-2.1.2.jar:/home/jenkins/.m2/repository/org/springframework/boot/spring-boot-starter-validation/2.1.3.RELEASE/spring-boot-starter-validation-2.1.3.RELEASE.jar:/home/jenkins/.m2/repository/com/microsoft/azure/azure-spring-boot/2.1.2/azure-spring-boot-2.1.2.jar:/home/jenkins/.m2/repository/com/microsoft/azure/applicationinsights-core/2.2.0/applicationinsights-core-2.2.0.jar:/home/jenkins/.m2/repository/com/google/protobuf/protobuf-java/3.6.1/protobuf-java-3.6.1.jar:/home/jenkins/.m2/repository/io/grpc/grpc-stub/1.14.0/grpc-stub-1.14.0.jar:/home/jenkins/.m2/repository/io/grpc/grpc-core/1.14.0/grpc-core-1.14.0.jar:/home/jenkins/.m2/repository/io/grpc/grpc-context/1.14.0/grpc-context-1.14.0.jar:/home/jenkins/.m2/repository/com/google/errorprone/error_prone_annotations/2.1.2/error_prone_annotations-2.1.2.jar:/home/jenkins/.m2/repository/com/google/code/findbugs/jsr305/3.0.0/jsr305-3.0.0.jar:/home/jenkins/.m2/repository/io/opencensus/opencensus-api/0.12.3/opencensus-api-0.12.3.jar:/home/jenkins/.m2/repository/io/opencensus/opencensus-contrib-grpc-metrics/0.12.3/opencensus-contrib-grpc-metrics-0.12.3.jar:/home/jenkins/.m2/repository/io/grpc/grpc-protobuf/1.14.0/grpc-protobuf-1.14.0.jar:/home/jenkins/.m2/repository/com/google/api/grpc/proto-google-common-protos/1.0.0/proto-google-common-protos-1.0.0.jar:/home/jenkins/.m2/repository/io/grpc/grpc-protobuf-lite/1.14.0/grpc-protobuf-lite-1.14.0.jar:/home/jenkins/.m2/repository/io/grpc/grpc-netty-shaded/1.14.0/grpc-netty-shaded-1.14.0.jar:/home/jenkins/.m2/repository/com/microsoft/azure/azure-storage-spring-boot-starter/2.1.2/azure-storage-spring-boot-starter-2.1.2.jar:/home/jenkins/.m2/repository/com/microsoft/azure/azure-storage-blob/10.1.0/azure-storage-blob-10.1.0.jar:/home/jenkins/.m2/repository/com/microsoft/rest/v2/client-runtime/2.0.0/client-runtime-2.0.0.jar:/home/jenkins/.m2/repository/io/netty/netty-handler/4.1.33.Final/netty-handler-4.1.33.Final.jar:/home/jenkins/.m2/repository/io/netty/netty-common/4.1.33.Final/netty-common-4.1.33.Final.jar:/home/jenkins/.m2/repository/io/netty/netty-transport/4.1.33.Final/netty-transport-4.1.33.Final.jar:/home/jenkins/.m2/repository/io/netty/netty-resolver/4.1.33.Final/netty-resolver-4.1.33.Final.jar:/home/jenkins/.m2/repository/io/netty/netty-codec/4.1.33.Final/netty-codec-4.1.33.Final.jar:/home/jenkins/.m2/repository/io/netty/netty-handler-proxy/4.1.33.Final/netty-handler-proxy-4.1.33.Final.jar:/home/jenkins/.m2/repository/io/netty/netty-codec-socks/4.1.33.Final/netty-codec-socks-4.1.33.Final.jar:/home/jenkins/.m2/repository/io/netty/netty-buffer/4.1.33.Final/netty-buffer-4.1.33.Final.jar:/home/jenkins/.m2/repository/io/netty/netty-codec-http/4.1.33.Final/netty-codec-http-4.1.33.Final.jar:/home/jenkins/.m2/repository/com/fasterxml/jackson/dataformat/jackson-dataformat-xml/2.9.8/jackson-dataformat-xml-2.9.8.jar:/home/jenkins/.m2/repository/com/fasterxml/jackson/module/jackson-module-jaxb-annotations/2.9.8/jackson-module-jaxb-annotations-2.9.8.jar:/home/jenkins/.m2/repository/org/codehaus/woodstox/stax2-api/3.1.4/stax2-api-3.1.4.jar:/home/jenkins/.m2/repository/com/fasterxml/woodstox/woodstox-core/5.0.3/woodstox-core-5.0.3.jar:/home/jenkins/.m2/repository/io/reactivex/rxjava2/rxjava/2.2.6/rxjava-2.2.6.jar:/home/jenkins/.m2/repository/org/reactivestreams/reactive-streams/1.0.2/reactive-streams-1.0.2.jar:/home/jenkins/.m2/repository/com/h2database/h2/1.4.197/h2-1.4.197.jar:/home/jenkins/.m2/repository/com/microsoft/sqlserver/mssql-jdbc/6.4.0.jre8/mssql-jdbc-6.4.0.jre8.jar:/home/jenkins/.m2/repository/org/springframework/boot/spring-boot-starter-test/2.1.3.RELEASE/spring-boot-starter-test-2.1.3.RELEASE.jar:/home/jenkins/.m2/repository/org/springframework/boot/spring-boot-test/2.1.3.RELEASE/spring-boot-test-2.1.3.RELEASE.jar:/home/jenkins/.m2/repository/org/springframework/boot/spring-boot-test-autoconfigure/2.1.3.RELEASE/spring-boot-test-autoconfigure-2.1.3.RELEASE.jar:/home/jenkins/.m2/repository/com/jayway/jsonpath/json-path/2.4.0/json-path-2.4.0.jar:/home/jenkins/.m2/repository/junit/junit/4.12/junit-4.12.jar:/home/jenkins/.m2/repository/org/assertj/assertj-core/3.11.1/assertj-core-3.11.1.jar:/home/jenkins/.m2/repository/org/mockito/mockito-core/2.23.4/mockito-core-2.23.4.jar:/home/jenkins/.m2/repository/net/bytebuddy/byte-buddy-agent/1.9.10/byte-buddy-agent-1.9.10.jar:/home/jenkins/.m2/repository/org/objenesis/objenesis/2.6/objenesis-2.6.jar:/home/jenkins/.m2/repository/org/hamcrest/hamcrest-core/1.3/hamcrest-core-1.3.jar:/home/jenkins/.m2/repository/org/hamcrest/hamcrest-library/1.3/hamcrest-library-1.3.jar:/home/jenkins/.m2/repository/org/skyscreamer/jsonassert/1.5.0/jsonassert-1.5.0.jar:/home/jenkins/.m2/repository/com/vaadin/external/google/android-json/0.0.20131108.vaadin1/android-json-0.0.20131108.vaadin1.jar:/home/jenkins/.m2/repository/org/springframework/spring-core/5.1.5.RELEASE/spring-core-5.1.5.RELEASE.jar:/home/jenkins/.m2/repository/org/springframework/spring-jcl/5.1.5.RELEASE/spring-jcl-5.1.5.RELEASE.jar:/home/jenkins/.m2/repository/org/springframework/spring-test/5.1.5.RELEASE/spring-test-5.1.5.RELEASE.jar:/home/jenkins/.m2/repository/org/xmlunit/xmlunit-core/2.6.2/xmlunit-core-2.6.2.jar:"/>
    <property name="sun.cpu.endian" value="little"/>
    <property name="user.home" value="/home/jenkins"/>
    <property name="user.language" value="en"/>
    <property name="java.specification.vendor" value="Oracle Corporation"/>
    <property name="java.home" value="/usr/lib/jvm/java-8-oracle/jre"/>
    <property name="basedir" value="/home/jenkins/rmssystem/rms_getters"/>
    <property name="file.separator" value="/"/>
    <property name="line.separator" value="&#10;"/>
    <property name="java.vm.specification.vendor" value="Oracle Corporation"/>
    <property name="java.specification.name" value="Java Platform API Specification"/>
    <property name="java.awt.graphicsenv" value="sun.awt.X11GraphicsEnvironment"/>
    <property name="surefire.real.class.path" value="/home/jenkins/rmssystem/rms_getters/target/surefire/surefirebooter8103423796784948076.jar"/>
    <property name="sun.boot.class.path" value="/usr/lib/jvm/java-8-oracle/jre/lib/resources.jar:/usr/lib/jvm/java-8-oracle/jre/lib/rt.jar:/usr/lib/jvm/java-8-oracle/jre/lib/sunrsasign.jar:/usr/lib/jvm/java-8-oracle/jre/lib/jsse.jar:/usr/lib/jvm/java-8-oracle/jre/lib/jce.jar:/usr/lib/jvm/java-8-oracle/jre/lib/charsets.jar:/usr/lib/jvm/java-8-oracle/jre/lib/jfr.jar:/usr/lib/jvm/java-8-oracle/jre/classes"/>
    <property name="sun.management.compiler" value="HotSpot 64-Bit Tiered Compilers"/>
    <property name="java.runtime.version" value="1.8.0_201-b09"/>
    <property name="user.name" value="jenkins"/>
    <property name="path.separator" value=":"/>
    <property name="os.version" value="4.18.0-1013-azure"/>
    <property name="java.endorsed.dirs" value="/usr/lib/jvm/java-8-oracle/jre/lib/endorsed"/>
    <property name="java.runtime.name" value="Java(TM) SE Runtime Environment"/>
    <property name="file.encoding" value="UTF-8"/>
    <property name="java.vm.name" value="Java HotSpot(TM) 64-Bit Server VM"/>
    <property name="localRepository" value="/home/jenkins/.m2/repository"/>
    <property name="java.vendor.url.bug" value="http://bugreport.sun.com/bugreport/"/>
    <property name="java.io.tmpdir" value="/tmp"/>
    <property name="java.version" value="1.8.0_201"/>
    <property name="user.dir" value="/home/jenkins/rmssystem/rms_getters"/>
    <property name="os.arch" value="amd64"/>
    <property name="java.vm.specification.name" value="Java Virtual Machine Specification"/>
    <property name="java.awt.printerjob" value="sun.print.PSPrinterJob"/>
    <property name="sun.os.patch.level" value="unknown"/>
    <property name="java.library.path" value="/usr/java/packages/lib/amd64:/usr/lib64:/lib64:/lib:/usr/lib"/>
    <property name="java.vm.info" value="mixed mode"/>
    <property name="java.vendor" value="Oracle Corporation"/>
    <property name="java.vm.version" value="25.201-b09"/>
    <property name="java.ext.dirs" value="/usr/lib/jvm/java-8-oracle/jre/lib/ext:/usr/java/packages/lib/ext"/>
    <property name="sun.io.unicode.encoding" value="UnicodeLittle"/>
    <property name="java.class.version" value="52.0"/>
  </properties>
  <testcase name="initializationError" classname="com.qa.booking.BookingEntityTests" time="0">
    <error message="Found multiple @SpringBootConfiguration annotated classes [Generic bean: class [com.qa.GettersApi2Application]; scope=; abstract=false; lazyInit=false; autowireMode=0; dependencyCheck=0; autowireCandidate=true; primary=false; factoryBeanName=null; factoryMethodName=null; initMethodName=null; destroyMethodName=null; defined in file [/home/jenkins/rmssystem/rms_getters/target/classes/com/qa/GettersApi2Application.class], Generic bean: class [com.qa.GettersApplication]; scope=; abstract=false; lazyInit=false; autowireMode=0; dependencyCheck=0; autowireCandidate=true; primary=false; factoryBeanName=null; factoryMethodName=null; initMethodName=null; destroyMethodName=null; defined in file [/home/jenkins/rmssystem/rms_getters/target/classes/com/qa/GettersApplication.class]]" type="java.lang.IllegalStateException">java.lang.IllegalStateException: Found multiple @SpringBootConfiguration annotated classes [Generic bean: class [com.qa.GettersApi2Application]; scope=; abstract=false; lazyInit=false; autowireMode=0; dependencyCheck=0; autowireCandidate=true; primary=false; factoryBeanName=null; factoryMethodName=null; initMethodName=null; destroyMethodName=null; defined in file [/home/jenkins/rmssystem/rms_getters/target/classes/com/qa/GettersApi2Application.class], Generic bean: class [com.qa.GettersApplication]; scope=; abstract=false; lazyInit=false; autowireMode=0; dependencyCheck=0; autowireCandidate=true; primary=false; factoryBeanName=null; factoryMethodName=null; initMethodName=null; destroyMethodName=null; defined in file [/home/jenkins/rmssystem/rms_getters/target/classes/com/qa/GettersApplication.class]]
</error>
    <system-out><![CDATA[15:49:16.725 [main] DEBUG org.springframework.test.context.junit4.SpringJUnit4ClassRunner - SpringJUnit4ClassRunner constructor called with [class com.qa.booking.BookingEntityTests]
15:49:16.725 [main] DEBUG org.springframework.test.context.BootstrapUtils - Instantiating CacheAwareContextLoaderDelegate from class [org.springframework.test.context.cache.DefaultCacheAwareContextLoaderDelegate]
15:49:16.729 [main] DEBUG org.springframework.test.context.BootstrapUtils - Instantiating BootstrapContext using constructor [public org.springframework.test.context.support.DefaultBootstrapContext(java.lang.Class,org.springframework.test.context.CacheAwareContextLoaderDelegate)]
15:49:16.730 [main] DEBUG org.springframework.test.context.BootstrapUtils - Instantiating TestContextBootstrapper for test class [com.qa.booking.BookingEntityTests] from class [org.springframework.boot.test.context.SpringBootTestContextBootstrapper]
15:49:16.732 [main] INFO org.springframework.boot.test.context.SpringBootTestContextBootstrapper - Neither @ContextConfiguration nor @ContextHierarchy found for test class [com.qa.booking.BookingEntityTests], using SpringBootContextLoader
15:49:16.737 [main] DEBUG org.springframework.test.context.support.AbstractContextLoader - Did not detect default resource location for test class [com.qa.booking.BookingEntityTests]: class path resource [com/qa/booking/BookingEntityTests-context.xml] does not exist
15:49:16.738 [main] DEBUG org.springframework.test.context.support.AbstractContextLoader - Did not detect default resource location for test class [com.qa.booking.BookingEntityTests]: class path resource [com/qa/booking/BookingEntityTestsContext.groovy] does not exist
15:49:16.738 [main] INFO org.springframework.test.context.support.AbstractContextLoader - Could not detect default resource locations for test class [com.qa.booking.BookingEntityTests]: no resource found for suffixes {-context.xml, Context.groovy}.
15:49:16.740 [main] INFO org.springframework.test.context.support.AnnotationConfigContextLoaderUtils - Could not detect default configuration classes for test class [com.qa.booking.BookingEntityTests]: BookingEntityTests does not declare any static, non-private, non-final, nested classes annotated with @Configuration.
15:49:16.744 [main] DEBUG org.springframework.test.context.support.ActiveProfilesUtils - Could not find an 'annotation declaring class' for annotation type [org.springframework.test.context.ActiveProfiles] and class [com.qa.booking.BookingEntityTests]
15:49:16.767 [main] DEBUG org.springframework.context.annotation.ClassPathScanningCandidateComponentProvider - Identified candidate component class: file [/home/jenkins/rmssystem/rms_getters/target/classes/com/qa/GettersApi2Application.class]
15:49:16.773 [main] DEBUG org.springframework.context.annotation.ClassPathScanningCandidateComponentProvider - Identified candidate component class: file [/home/jenkins/rmssystem/rms_getters/target/classes/com/qa/GettersApplication.class]
]]></system-out>
  </testcase>
</testsuite>